SF:lib\src\core\errors\failures.dart
DA:4,2
DA:6,0
DA:7,0
DA:9,0
DA:16,2
DA:18,1
DA:19,2
LF:7
LH:4
end_of_record
SF:lib\src\features\auth\sign_up\domain\entities\user.dart
DA:7,2
DA:13,0
DA:14,0
LF:3
LH:1
end_of_record
SF:lib\src\features\auth\sign_up\presentation\bloc\sign_up_state.dart
DA:5,3
DA:7,1
DA:8,1
DA:18,3
DA:20,1
DA:21,3
DA:28,3
DA:30,1
DA:31,2
LF:9
LH:9
end_of_record
SF:lib\src\features\auth\sign_up\presentation\bloc\sign_up_bloc.dart
DA:11,3
DA:12,2
DA:13,2
DA:16,1
DA:17,1
DA:19,2
DA:21,1
DA:22,4
DA:23,5
DA:26,3
LF:10
LH:10
end_of_record
SF:lib\src\features\auth\sign_up\presentation\bloc\sign_up_event.dart
DA:4,3
DA:6,0
DA:7,0
DA:15,3
DA:17,0
DA:18,0
LF:6
LH:2
end_of_record
SF:lib\src\features\auth\sign_up\data\datasources\remote\remote.dart
DA:12,0
DA:15,0
DA:18,0
DA:19,0
DA:22,0
DA:27,0
DA:28,0
DA:34,0
DA:35,0
LF:9
LH:0
end_of_record
SF:lib\src\features\auth\sign_up\data\models\user_model.dart
DA:4,0
DA:7,0
DA:9,0
DA:10,0
DA:11,0
DA:12,0
DA:16,0
DA:17,0
DA:18,0
DA:19,0
LF:10
LH:0
end_of_record
SF:lib\src\features\auth\sign_up\data\repositories\user_repository_impl.dart
DA:10,0
DA:12,0
DA:15,0
DA:16,0
DA:18,0
DA:19,0
DA:20,0
DA:25,0
DA:26,0
LF:9
LH:0
end_of_record
SF:lib\src\features\auth\sign_up\presentation\pages\sign_up_page.dart
DA:12,0
DA:13,0
DA:16,0
DA:22,0
DA:23,0
DA:30,0
DA:32,0
DA:34,0
DA:35,0
DA:44,0
DA:46,0
DA:47,0
DA:49,0
DA:51,0
DA:52,0
DA:53,0
DA:54,0
DA:56,0
DA:58,0
DA:62,0
DA:63,0
DA:68,0
DA:69,0
DA:74,0
DA:75,0
DA:76,0
DA:77,0
DA:78,0
DA:80,0
DA:81,0
DA:83,0
DA:85,0
DA:86,0
DA:88,0
DA:90,0
DA:91,0
DA:93,0
DA:95,0
DA:96,0
DA:98,0
DA:100,0
DA:101,0
DA:103,0
DA:104,0
DA:105,0
DA:106,0
DA:108,0
DA:110,0
DA:112,0
DA:113,0
DA:115,0
DA:124,0
DA:126,0
DA:127,0
DA:128,0
LF:55
LH:0
end_of_record
SF:lib\src\features\auth\sign_up\presentation\widgets\already_acc_widgets.dart
DA:6,0
DA:13,0
DA:15,0
DA:17,0
DA:18,0
DA:19,0
LF:6
LH:0
end_of_record
SF:lib\src\features\auth\sign_up\presentation\widgets\back_button_widget.dart
DA:5,0
DA:14,0
DA:16,0
DA:17,0
DA:18,0
DA:19,0
DA:20,0
DA:22,0
DA:23,0
DA:24,0
LF:10
LH:0
end_of_record
SF:lib\src\features\auth\sign_up\presentation\widgets\conf_pass_text_field.dart
DA:7,0
DA:17,0
DA:19,0
DA:20,0
DA:21,0
DA:22,0
DA:23,0
DA:24,0
DA:26,0
DA:27,0
DA:28,0
LF:11
LH:0
end_of_record
SF:lib\src\features\auth\sign_up\presentation\widgets\email_text_field_widget.dart
DA:8,1
DA:24,1
DA:26,1
DA:27,2
DA:28,2
DA:29,1
DA:30,1
DA:31,1
DA:32,1
DA:33,1
DA:35,1
DA:36,1
DA:37,1
LF:13
LH:13
end_of_record
SF:lib\src\features\auth\sign_up\presentation\widgets\other_register_buttons.dart
DA:6,0
DA:15,0
DA:17,0
DA:19,0
DA:21,0
DA:22,0
DA:23,0
DA:24,0
DA:25,0
DA:26,0
DA:27,0
DA:30,0
DA:31,0
DA:33,0
DA:36,0
DA:37,0
DA:38,0
DA:40,0
DA:41,0
DA:42,0
DA:43,0
DA:46,0
DA:48,0
LF:23
LH:0
end_of_record
SF:lib\src\features\auth\sign_up\presentation\widgets\other_register_text.dart
DA:6,0
DA:15,0
DA:17,0
DA:19,0
DA:20,0
DA:21,0
DA:22,0
DA:29,0
DA:30,0
DA:31,0
DA:33,0
DA:34,0
DA:35,0
LF:13
LH:0
end_of_record
SF:lib\src\features\auth\sign_up\presentation\widgets\padding_sign_up_widget.dart
DA:7,0
DA:16,0
DA:18,0
DA:19,0
DA:21,0
LF:5
LH:0
end_of_record
SF:lib\src\features\auth\sign_up\presentation\widgets\pading_back_button.dart
DA:5,0
DA:14,0
DA:16,0
DA:17,0
DA:18,0
DA:20,0
LF:6
LH:0
end_of_record
SF:lib\src\features\auth\sign_up\presentation\widgets\password_text_field.dart
DA:8,0
DA:24,0
DA:26,0
DA:27,0
DA:28,0
DA:29,0
DA:30,0
DA:31,0
DA:32,0
DA:33,0
DA:35,0
DA:36,0
DA:37,0
LF:13
LH:0
end_of_record
SF:lib\src\features\auth\sign_up\presentation\widgets\register_button_widget.dart
DA:10,1
DA:26,1
DA:28,1
DA:29,2
DA:30,2
DA:31,1
DA:32,1
DA:33,2
DA:34,2
DA:35,3
DA:38,2
DA:40,1
DA:42,1
DA:43,1
DA:46,1
DA:48,1
DA:49,2
LF:17
LH:17
end_of_record
SF:lib\src\features\auth\sign_up\presentation\widgets\sign_up_title_widget.dart
DA:6,0
DA:13,0
DA:15,0
LF:3
LH:0
end_of_record
